Транслятор STEP в Solid Edge
Дата: понедельник,Август 05,2024 11:35
Исходный файл: C:\Users\Valenokks\Documents\GitHub\sound-amplifier\Hardware\3d_model\PCB.step
Автор: Author
Организация: Open CASCADE
Исходная система: Open CASCADE 6.8

Оборудование:
Процессор: AMD Ryzen 5 3500U with Radeon Vega Mobile Gfx  
Операционная система: Windows 10 Professional
Установленная память: 17.92 GB

Информация о программе
Версия Parasolid: 34.0.153
Версия PSBodyShop: 34.0.110
Версия Step Adapter: 9.0.104
Версия Solid Edge: 222.00.14.003 x64

Параметры импорта STEP
Импорт — фасетные тела: Включить
Импорт — проверить тела: Выключить
Импорт — кривые: Включить
Импорт — не сохранено: Включить
Импорт — множество тел как одна деталь: Включить
Импорт — сшить поверхности: Включить
Импорт — булевы тела: Включить
Создание исходного тела: Включить
Упрощение геометрии: Включить
Импорт — наложить кривые: Включить
Импорт — диск: C:
Импорт — сшить поверхности: Включить
Импорт — поверхности: Включить
Импорт — папка вывода: C:\Users\Valenokks\Documents\GitHub\sound-amplifier\Hardware\3d_model
Импорт — разрешить папку вывода по умолчанию: Включить
Импортировать атрибуты модели: Выключить
Импортировать как внутренние компоненты: Выключить
Импорт — папка: 

Преобразование в типы данных Parasolid...
+Сборка начата: 1
+Создание сборки SE C:\Users\Valenokks\Documents\GitHub\sound-amplifier\Hardware\3d_model\PCB_1.asm
|--+Сборка начата: 2
|--+Создание сборки SE C:\Users\Valenokks\Documents\GitHub\sound-amplifier\Hardware\3d_model\Board_0.asm
|  |--+Создание детали SE C:\Users\Valenokks\Documents\GitHub\sound-amplifier\Hardware\3d_model\Open CASCADE STEP translator 6.8 1.1.1_2.par
|--+Всего деталей: 2
|--+Сборок: 0
|--+Твердых тел: 2
|--+Листовых тел: 0
|--+Сборка завершена: 2
|--+Сборка начата: 2
|--+Создание сборки SE C:\Users\Valenokks\Documents\GitHub\sound-amplifier\Hardware\3d_model\XP1_0.asm
|  |--+Создание детали SE C:\Users\Valenokks\Documents\GitHub\sound-amplifier\Hardware\3d_model\43045-0821--3DModel-STEP-56544_2.par
|--+Всего деталей: 2
|--+Сборок: 0
|--+Твердых тел: 2
|--+Листовых тел: 0
|--+Сборка завершена: 2
|--+Сборка начата: 2
|--+Создание сборки SE C:\Users\Valenokks\Documents\GitHub\sound-amplifier\Hardware\3d_model\XS2_0.asm
|  |--+Сборка начата: 3
|  |--+Создание сборки SE C:\Users\Valenokks\Documents\GitHub\sound-amplifier\Hardware\3d_model\Conn_Neutrik_NMJ4HFD2_eec_2.asm
|  |  |--+Сборка начата: 4
|  |  |--+Создание сборки SE C:\Users\Valenokks\Documents\GitHub\sound-amplifier\Hardware\3d_model\1_2.asm
|  |  |  |--+Создание детали SE C:\Users\Valenokks\Documents\GitHub\sound-amplifier\Hardware\3d_model\1_2.par
|  |  |  |--+Создание детали SE C:\Users\Valenokks\Documents\GitHub\sound-amplifier\Hardware\3d_model\3_2.par
|  |  |  |--+Создание детали SE C:\Users\Valenokks\Documents\GitHub\sound-amplifier\Hardware\3d_model\4_2.par
|  |  |  |--+Создание детали SE C:\Users\Valenokks\Documents\GitHub\sound-amplifier\Hardware\3d_model\2_2.par
|  |  |  |--+Создание детали SE C:\Users\Valenokks\Documents\GitHub\sound-amplifier\Hardware\3d_model\7_2.par
|  |  |--+Всего деталей: 36
|  |  |--+Сборок: 0
|  |  |--+Твердых тел: 36
|  |  |--+Листовых тел: 0
|  |  |--+Сборка завершена: 4
|  |--+Всего деталей: 1
|  |--+Сборок: 1
|  |--+Твердых тел: 0
|  |--+Листовых тел: 0
|  |--+Сборка завершена: 3
|--+Всего деталей: 1
|--+Сборок: 1
|--+Твердых тел: 0
|--+Листовых тел: 0
|--+Сборка завершена: 2
|--+Сборка начата: 2
|--+Создание сборки SE C:\Users\Valenokks\Documents\GitHub\sound-amplifier\Hardware\3d_model\C1_0.asm
|  |--+Создание детали SE C:\Users\Valenokks\Documents\GitHub\sound-amplifier\Hardware\3d_model\CAPF_5.5x9.0x10.0_TxHxW_7.5mmLS_2.par
|--+Всего деталей: 2
|--+Сборок: 0
|--+Твердых тел: 2
|--+Листовых тел: 0
|--+Сборка завершена: 2
|--+Сборка начата: 2
|--+Создание сборки SE C:\Users\Valenokks\Documents\GitHub\sound-amplifier\Hardware\3d_model\C6_0.asm
|  |--+Сборка начата: 3
|  |--+Создание сборки SE C:\Users\Valenokks\Documents\GitHub\sound-amplifier\Hardware\3d_model\User_Library-Cap_electrolitic_radial_4x7_2.asm
|  |  |--+Создание детали SE C:\Users\Valenokks\Documents\GitHub\sound-amplifier\Hardware\3d_model\User_Library-Cap_electrolitic_radial_4x7_Case_2.par
|  |  |--+Создание детали SE C:\Users\Valenokks\Documents\GitHub\sound-amplifier\Hardware\3d_model\User_Library-Cap_electrolitic_radial_4x7_Minus_2.par
|  |  |--+Создание детали SE C:\Users\Valenokks\Documents\GitHub\sound-amplifier\Hardware\3d_model\User_Library-Cap_electrolitic_radial_4x7_Top_2.par
|  |  |--+Создание детали SE C:\Users\Valenokks\Documents\GitHub\sound-amplifier\Hardware\3d_model\User_Library-Cap_electrolitic_radial_4x7_Pins_2.par
|  |  |--+Создание детали SE C:\Users\Valenokks\Documents\GitHub\sound-amplifier\Hardware\3d_model\User_Library-Cap_electrolitic_radial_4x7_Bottom_2.par
|  |--+Всего деталей: 14
|  |--+Сборок: 0
|  |--+Твердых тел: 14
|  |--+Листовых тел: 0
|  |--+Сборка завершена: 3
|--+Всего деталей: 1
|--+Сборок: 1
|--+Твердых тел: 0
|--+Листовых тел: 0
|--+Сборка завершена: 2
|--+Сборка начата: 2
|--+Создание сборки SE C:\Users\Valenokks\Documents\GitHub\sound-amplifier\Hardware\3d_model\C2_0.asm
|  |--+Повторное использование файла C:\Users\Valenokks\Documents\GitHub\sound-amplifier\Hardware\3d_model\CAPF_5.5x9.0x10.0_TxHxW_7.5mmLS.par
|--+Всего деталей: 1
|--+Сборок: 0
|--+Твердых тел: 1
|--+Листовых тел: 0
|--+Сборка завершена: 2
|--+Сборка начата: 2
|--+Создание сборки SE C:\Users\Valenokks\Documents\GitHub\sound-amplifier\Hardware\3d_model\C3_0.asm
|  |--+Повторное использование файла C:\Users\Valenokks\Documents\GitHub\sound-amplifier\Hardware\3d_model\CAPF_5.5x9.0x10.0_TxHxW_7.5mmLS.par
|--+Всего деталей: 1
|--+Сборок: 0
|--+Твердых тел: 1
|--+Листовых тел: 0
|--+Сборка завершена: 2
|--+Сборка начата: 2
|--+Создание сборки SE C:\Users\Valenokks\Documents\GitHub\sound-amplifier\Hardware\3d_model\C4_0.asm
|  |--+Создание детали SE C:\Users\Valenokks\Documents\GitHub\sound-amplifier\Hardware\3d_model\User_Library-Cap-EL(12_5x25-5)T_2.par
|--+Всего деталей: 2
|--+Сборок: 0
|--+Твердых тел: 2
|--+Листовых тел: 0
|--+Сборка завершена: 2
|--+Сборка начата: 2
|--+Создание сборки SE C:\Users\Valenokks\Documents\GitHub\sound-amplifier\Hardware\3d_model\C5_0.asm
|  |--+Повторное использование файла C:\Users\Valenokks\Documents\GitHub\sound-amplifier\Hardware\3d_model\User_Library-Cap-EL(12_5x25-5)T.par
|--+Всего деталей: 1
|--+Сборок: 0
|--+Твердых тел: 1
|--+Листовых тел: 0
|--+Сборка завершена: 2
|--+Сборка начата: 2
|--+Создание сборки SE C:\Users\Valenokks\Documents\GitHub\sound-amplifier\Hardware\3d_model\R1_0.asm
|  |--+Создание детали SE C:\Users\Valenokks\Documents\GitHub\sound-amplifier\Hardware\3d_model\User_Library-Res_1-8w_1_0_2.par
|--+Всего деталей: 2
|--+Сборок: 0
|--+Твердых тел: 2
|--+Листовых тел: 0
|--+Сборка завершена: 2
|--+Сборка начата: 2
|--+Создание сборки SE C:\Users\Valenokks\Documents\GitHub\sound-amplifier\Hardware\3d_model\R2_0.asm
|  |--+Повторное использование файла C:\Users\Valenokks\Documents\GitHub\sound-amplifier\Hardware\3d_model\User_Library-Res_1-8w_1_0.par
|--+Всего деталей: 1
|--+Сборок: 0
|--+Твердых тел: 1
|--+Листовых тел: 0
|--+Сборка завершена: 2
|--+Сборка начата: 2
|--+Создание сборки SE C:\Users\Valenokks\Documents\GitHub\sound-amplifier\Hardware\3d_model\R3_0.asm
|  |--+Повторное использование файла C:\Users\Valenokks\Documents\GitHub\sound-amplifier\Hardware\3d_model\User_Library-Res_1-8w_1_0.par
|--+Всего деталей: 1
|--+Сборок: 0
|--+Твердых тел: 1
|--+Листовых тел: 0
|--+Сборка завершена: 2
|--+Сборка начата: 2
|--+Создание сборки SE C:\Users\Valenokks\Documents\GitHub\sound-amplifier\Hardware\3d_model\R4_0.asm
|  |--+Повторное использование файла C:\Users\Valenokks\Documents\GitHub\sound-amplifier\Hardware\3d_model\User_Library-Res_1-8w_1_0.par
|--+Всего деталей: 1
|--+Сборок: 0
|--+Твердых тел: 1
|--+Листовых тел: 0
|--+Сборка завершена: 2
|--+Сборка начата: 2
|--+Создание сборки SE C:\Users\Valenokks\Documents\GitHub\sound-amplifier\Hardware\3d_model\R5_0.asm
|  |--+Повторное использование файла C:\Users\Valenokks\Documents\GitHub\sound-amplifier\Hardware\3d_model\User_Library-Res_1-8w_1_0.par
|--+Всего деталей: 1
|--+Сборок: 0
|--+Твердых тел: 1
|--+Листовых тел: 0
|--+Сборка завершена: 2
|--+Сборка начата: 2
|--+Создание сборки SE C:\Users\Valenokks\Documents\GitHub\sound-amplifier\Hardware\3d_model\R6_0.asm
|  |--+Повторное использование файла C:\Users\Valenokks\Documents\GitHub\sound-amplifier\Hardware\3d_model\User_Library-Res_1-8w_1_0.par
|--+Всего деталей: 1
|--+Сборок: 0
|--+Твердых тел: 1
|--+Листовых тел: 0
|--+Сборка завершена: 2
|--+Сборка начата: 2
|--+Создание сборки SE C:\Users\Valenokks\Documents\GitHub\sound-amplifier\Hardware\3d_model\R13_0.asm
|  |--+Сборка начата: 3
|  |--+Создание сборки SE C:\Users\Valenokks\Documents\GitHub\sound-amplifier\Hardware\3d_model\User_Library-RES-1W_2.asm
|  |  |--+Создание детали SE C:\Users\Valenokks\Documents\GitHub\sound-amplifier\Hardware\3d_model\User_Library-RES-1W__W002_2.par
|  |  |--+Создание детали SE C:\Users\Valenokks\Documents\GitHub\sound-amplifier\Hardware\3d_model\User_Library-RES-1W__W003_2.par
|  |  |--+Создание детали SE C:\Users\Valenokks\Documents\GitHub\sound-amplifier\Hardware\3d_model\User_Library-RES-1W__W004_2.par
|  |  |--+Создание детали SE C:\Users\Valenokks\Documents\GitHub\sound-amplifier\Hardware\3d_model\User_Library-RES-1W__W005_2.par
|  |  |--+Создание детали SE C:\Users\Valenokks\Documents\GitHub\sound-amplifier\Hardware\3d_model\User_Library-RES-1W__W006_2.par
|  |  |--+Создание детали SE C:\Users\Valenokks\Documents\GitHub\sound-amplifier\Hardware\3d_model\User_Library-RES-1W_Fusion_2.par
|  |--+Всего деталей: 14
|  |--+Сборок: 0
|  |--+Твердых тел: 14
|  |--+Листовых тел: 0
|  |--+Сборка завершена: 3
|--+Всего деталей: 1
|--+Сборок: 1
|--+Твердых тел: 0
|--+Листовых тел: 0
|--+Сборка завершена: 2
|--+Сборка начата: 2
|--+Создание сборки SE C:\Users\Valenokks\Documents\GitHub\sound-amplifier\Hardware\3d_model\VT1_0.asm
|  |--+Создание детали SE C:\Users\Valenokks\Documents\GitHub\sound-amplifier\Hardware\3d_model\TO-92_line_pin_2_5mm_pitch_2.par
|--+Всего деталей: 2
|--+Сборок: 0
|--+Твердых тел: 2
|--+Листовых тел: 0
|--+Сборка завершена: 2
|--+Сборка начата: 2
|--+Создание сборки SE C:\Users\Valenokks\Documents\GitHub\sound-amplifier\Hardware\3d_model\VT2_0.asm
|  |--+Повторное использование файла C:\Users\Valenokks\Documents\GitHub\sound-amplifier\Hardware\3d_model\TO-92_line_pin_2_5mm_pitch.par
|--+Всего деталей: 1
|--+Сборок: 0
|--+Твердых тел: 1
|--+Листовых тел: 0
|--+Сборка завершена: 2
|--+Сборка начата: 2
|--+Создание сборки SE C:\Users\Valenokks\Documents\GitHub\sound-amplifier\Hardware\3d_model\XS1_0.asm
|  |--+Сборка начата: 3
|  |--+Повторное использование файла C:\Users\Valenokks\Documents\GitHub\sound-amplifier\Hardware\3d_model\Conn_Neutrik_NMJ4HFD2_eec.asm
|  |--+Всего деталей: 0
|  |--+Сборок: 0
|  |--+Твердых тел: 0
|  |--+Листовых тел: 0
|  |--+Сборка завершена: 3
|--+Всего деталей: 0
|--+Сборок: 0
|--+Твердых тел: 0
|--+Листовых тел: 0
|--+Сборка завершена: 2
|--+Сборка начата: 2
|--+Создание сборки SE C:\Users\Valenokks\Documents\GitHub\sound-amplifier\Hardware\3d_model\VT8_0.asm
|  |--+Создание детали SE C:\Users\Valenokks\Documents\GitHub\sound-amplifier\Hardware\3d_model\TO-220-15_(Multiwatt_15)_solid_5.par
|  |--+Повторное использование файла C:\Users\Valenokks\Documents\GitHub\sound-amplifier\Hardware\3d_model\TO-220-15_(Multiwatt_15)_solid.par
|  |--+Создание детали SE C:\Users\Valenokks\Documents\GitHub\sound-amplifier\Hardware\3d_model\TO-220-15_(Multiwatt_15)_solid_6.par
|  |--+Создание детали SE C:\Users\Valenokks\Documents\GitHub\sound-amplifier\Hardware\3d_model\User_Library-TO-3P-3LD_2.par
|--+Всего деталей: 7
|--+Сборок: 0
|--+Твердых тел: 7
|--+Листовых тел: 0
|--+Сборка завершена: 2
|--+Сборка начата: 2
|--+Создание сборки SE C:\Users\Valenokks\Documents\GitHub\sound-amplifier\Hardware\3d_model\VT7_0.asm
|  |--+Повторное использование файла C:\Users\Valenokks\Documents\GitHub\sound-amplifier\Hardware\3d_model\User_Library-TO-3P-3LD.par
|  |--+Повторное использование файла C:\Users\Valenokks\Documents\GitHub\sound-amplifier\Hardware\3d_model\TO-220-15_(Multiwatt_15)_solid.par
|  |--+Повторное использование файла C:\Users\Valenokks\Documents\GitHub\sound-amplifier\Hardware\3d_model\TO-220-15_(Multiwatt_15)_solid.par
|  |--+Повторное использование файла C:\Users\Valenokks\Documents\GitHub\sound-amplifier\Hardware\3d_model\TO-220-15_(Multiwatt_15)_solid.par
|--+Всего деталей: 4
|--+Сборок: 0
|--+Твердых тел: 4
|--+Листовых тел: 0
|--+Сборка завершена: 2
|--+Сборка начата: 2
|--+Создание сборки SE C:\Users\Valenokks\Documents\GitHub\sound-amplifier\Hardware\3d_model\VT6_0.asm
|  |--+Создание детали SE C:\Users\Valenokks\Documents\GitHub\sound-amplifier\Hardware\3d_model\User_Library-TO-126_(SOT32)_Gold_PCB_2.par
|--+Всего деталей: 10
|--+Сборок: 0
|--+Твердых тел: 10
|--+Листовых тел: 0
|--+Сборка завершена: 2
|--+Сборка начата: 2
|--+Создание сборки SE C:\Users\Valenokks\Documents\GitHub\sound-amplifier\Hardware\3d_model\VT5_0.asm
|  |--+Повторное использование файла C:\Users\Valenokks\Documents\GitHub\sound-amplifier\Hardware\3d_model\User_Library-TO-126_(SOT32)_Gold_PCB.par
|--+Всего деталей: 5
|--+Сборок: 0
|--+Твердых тел: 5
|--+Листовых тел: 0
|--+Сборка завершена: 2
|--+Сборка начата: 2
|--+Создание сборки SE C:\Users\Valenokks\Documents\GitHub\sound-amplifier\Hardware\3d_model\VT3_0.asm
|  |--+Создание детали SE C:\Users\Valenokks\Documents\GitHub\sound-amplifier\Hardware\3d_model\User_Library-TO3B_(TO220)_1_2.par
|--+Всего деталей: 2
|--+Сборок: 0
|--+Твердых тел: 2
|--+Листовых тел: 0
|--+Сборка завершена: 2
|--+Сборка начата: 2
|--+Создание сборки SE C:\Users\Valenokks\Documents\GitHub\sound-amplifier\Hardware\3d_model\VT4_0.asm
|  |--+Повторное использование файла C:\Users\Valenokks\Documents\GitHub\sound-amplifier\Hardware\3d_model\User_Library-TO-126_(SOT32)_Gold_PCB.par
|--+Всего деталей: 5
|--+Сборок: 0
|--+Твердых тел: 5
|--+Листовых тел: 0
|--+Сборка завершена: 2
|--+Сборка начата: 2
|--+Создание сборки SE C:\Users\Valenokks\Documents\GitHub\sound-amplifier\Hardware\3d_model\R12_0.asm
|  |--+Сборка начата: 3
|  |--+Создание сборки SE C:\Users\Valenokks\Documents\GitHub\sound-amplifier\Hardware\3d_model\User_Library-RES-2W_2.asm
|  |  |--+Создание детали SE C:\Users\Valenokks\Documents\GitHub\sound-amplifier\Hardware\3d_model\User_Library-RES-2W_RES_2W002_2.par
|  |  |--+Создание детали SE C:\Users\Valenokks\Documents\GitHub\sound-amplifier\Hardware\3d_model\User_Library-RES-2W_RES_2W004_2.par
|  |  |--+Создание детали SE C:\Users\Valenokks\Documents\GitHub\sound-amplifier\Hardware\3d_model\User_Library-RES-2W_Fusion_2.par
|  |  |--+Создание детали SE C:\Users\Valenokks\Documents\GitHub\sound-amplifier\Hardware\3d_model\User_Library-RES-2W_RES_2W005_2.par
|  |  |--+Создание детали SE C:\Users\Valenokks\Documents\GitHub\sound-amplifier\Hardware\3d_model\User_Library-RES-2W_RES_2W006_2.par
|  |  |--+Создание детали SE C:\Users\Valenokks\Documents\GitHub\sound-amplifier\Hardware\3d_model\User_Library-RES-2W_RES_2W003_2.par
|  |--+Всего деталей: 14
|  |--+Сборок: 0
|  |--+Твердых тел: 14
|  |--+Листовых тел: 0
|  |--+Сборка завершена: 3
|--+Всего деталей: 1
|--+Сборок: 1
|--+Твердых тел: 0
|--+Листовых тел: 0
|--+Сборка завершена: 2
|--+Сборка начата: 2
|--+Создание сборки SE C:\Users\Valenokks\Documents\GitHub\sound-amplifier\Hardware\3d_model\R11_0.asm
|  |--+Сборка начата: 3
|  |--+Повторное использование файла C:\Users\Valenokks\Documents\GitHub\sound-amplifier\Hardware\3d_model\User_Library-RES-2W.asm
|  |--+Всего деталей: 0
|  |--+Сборок: 0
|  |--+Твердых тел: 0
|  |--+Листовых тел: 0
|  |--+Сборка завершена: 3
|--+Всего деталей: 0
|--+Сборок: 0
|--+Твердых тел: 0
|--+Листовых тел: 0
|--+Сборка завершена: 2
|--+Сборка начата: 2
|--+Создание сборки SE C:\Users\Valenokks\Documents\GitHub\sound-amplifier\Hardware\3d_model\R10_0.asm
|  |--+Повторное использование файла C:\Users\Valenokks\Documents\GitHub\sound-amplifier\Hardware\3d_model\User_Library-Res_1-8w_1_0.par
|--+Всего деталей: 1
|--+Сборок: 0
|--+Твердых тел: 1
|--+Листовых тел: 0
|--+Сборка завершена: 2
|--+Сборка начата: 2
|--+Создание сборки SE C:\Users\Valenokks\Documents\GitHub\sound-amplifier\Hardware\3d_model\R9_0.asm
|  |--+Повторное использование файла C:\Users\Valenokks\Documents\GitHub\sound-amplifier\Hardware\3d_model\User_Library-Res_1-8w_1_0.par
|--+Всего деталей: 1
|--+Сборок: 0
|--+Твердых тел: 1
|--+Листовых тел: 0
|--+Сборка завершена: 2
|--+Сборка начата: 2
|--+Создание сборки SE C:\Users\Valenokks\Documents\GitHub\sound-amplifier\Hardware\3d_model\R7_0.asm
|  |--+Повторное использование файла C:\Users\Valenokks\Documents\GitHub\sound-amplifier\Hardware\3d_model\User_Library-Res_1-8w_1_0.par
|--+Всего деталей: 1
|--+Сборок: 0
|--+Твердых тел: 1
|--+Листовых тел: 0
|--+Сборка завершена: 2
|--+Сборка начата: 2
|--+Создание сборки SE C:\Users\Valenokks\Documents\GitHub\sound-amplifier\Hardware\3d_model\R8_0.asm
|  |--+Создание детали SE C:\Users\Valenokks\Documents\GitHub\sound-amplifier\Hardware\3d_model\pot_3299W-1-103RLF_2.par
|--+Всего деталей: 2
|--+Сборок: 0
|--+Твердых тел: 2
|--+Листовых тел: 0
|--+Сборка завершена: 2
|--+Сборка начата: 2
|--+Создание сборки SE C:\Users\Valenokks\Documents\GitHub\sound-amplifier\Hardware\3d_model\C8_0.asm
|  |--+Создание детали SE C:\Users\Valenokks\Documents\GitHub\sound-amplifier\Hardware\3d_model\Cap,_film,_7.3x5.2x7x5LS_8.par
|  |--+Создание детали SE C:\Users\Valenokks\Documents\GitHub\sound-amplifier\Hardware\3d_model\Cap,_film,_7.3x5.2x7x5LS_9.par
|  |--+Создание детали SE C:\Users\Valenokks\Documents\GitHub\sound-amplifier\Hardware\3d_model\Cap,_film,_7.3x5.2x7x5LS_10.par
|--+Всего деталей: 6
|--+Сборок: 0
|--+Твердых тел: 6
|--+Листовых тел: 0
|--+Сборка завершена: 2
|--+Сборка начата: 2
|--+Создание сборки SE C:\Users\Valenokks\Documents\GitHub\sound-amplifier\Hardware\3d_model\C7_0.asm
|  |--+Повторное использование файла C:\Users\Valenokks\Documents\GitHub\sound-amplifier\Hardware\3d_model\Cap,_film,_7.3x5.2x7x5LS.par
|  |--+Повторное использование файла C:\Users\Valenokks\Documents\GitHub\sound-amplifier\Hardware\3d_model\Cap,_film,_7.3x5.2x7x5LS.par
|  |--+Повторное использование файла C:\Users\Valenokks\Documents\GitHub\sound-amplifier\Hardware\3d_model\Cap,_film,_7.3x5.2x7x5LS.par
|--+Всего деталей: 3
|--+Сборок: 0
|--+Твердых тел: 3
|--+Листовых тел: 0
|--+Сборка завершена: 2
|--+Сборка начата: 2
|--+Создание сборки SE C:\Users\Valenokks\Documents\GitHub\sound-amplifier\Hardware\3d_model\C9_0.asm
|  |--+Повторное использование файла C:\Users\Valenokks\Documents\GitHub\sound-amplifier\Hardware\3d_model\CAPF_5.5x9.0x10.0_TxHxW_7.5mmLS.par
|--+Всего деталей: 1
|--+Сборок: 0
|--+Твердых тел: 1
|--+Листовых тел: 0
|--+Сборка завершена: 2
+Всего деталей: 34
+Сборок: 34
+Твердых тел: 0
+Листовых тел: 0
+Сборка завершена: 1
Процесс преобразования завершен
Общее необходимое время для преобразования и постпроцессора:00 : 00 : 17
