Removed Pin From Net: NetName=NetC2_1 Pin=C2-1
Removed Pin From Net: NetName=GND Pin=C2-2
Removed Pin From Net: NetName=GND Pin=R1-1
Removed Pin From Net: NetName=NetC1_2 Pin=R1-2
Removed Pin From Net: NetName=NetC1_2 Pin=R2-2
Removed Pin From Net: NetName=NetC3_1 Pin=R3-1
Removed Pin From Net: NetName=NetC7_1 Pin=R3-2
Removed Pin From Net: NetName=NetC2_1 Pin=R4-2
Removed Pin From Net: NetName=NetC6_2 Pin=R5-1
Removed Pin From Net: NetName=NetR6_1 Pin=R6-1
Removed Pin From Net: NetName=NetR7_1 Pin=R7-1
Removed Pin From Net: NetName=NetC2_1 Pin=R7-2
Removed Pin From Net: NetName=NetC3_1 Pin=R10-1
Removed Pin From Net: NetName=NetC8_2 Pin=R10-2
Removed Pin From Net: NetName=NetR6_1 Pin=R11-1
Removed Pin From Net: NetName=NetR6_1 Pin=R12-2
Removed Pin From Net: NetName=NetC9_1 Pin=R13-1
Removed Pin From Net: NetName=GND Pin=VT7-4
Removed Pin From Net: NetName=GND Pin=VT7-4
Removed Pin From Net: NetName=GND Pin=VT8-4
Removed Pin From Net: NetName=GND Pin=VT8-4
Change Component Footprint: Designator=C6 Old Footprint=C_EL_4X7 New Footprint=CAP: TANTAL-D
Change Component Footprint: Designator=C4 Old Footprint=C_EL_12X25 New Footprint=CAP: TANTAL-D
Change Component Footprint: Designator=C5 Old Footprint=C_EL_12X25 New Footprint=CAP: TANTAL-D
Change Component Footprint: Designator=C7 Old Footprint=C_PLY_7X5 New Footprint=CAP: 0805
Change Component Footprint: Designator=C8 Old Footprint=C_PLY_7X5 New Footprint=CAP: 0805
Change Component Footprint: Designator=C1 Old Footprint=C_PLY_10X5 New Footprint=CAP: 0805
Change Component Footprint: Designator=C2 Old Footprint=C_PLY_10X5 New Footprint=CAP: 0805
Change Component Footprint: Designator=C3 Old Footprint=C_PLY_10X5 New Footprint=CAP: 0805
Change Component Footprint: Designator=C9 Old Footprint=C_PLY_10X5 New Footprint=CAP: 0805
Change Component Footprint: Designator=R13 Old Footprint=R1W_AX06 New Footprint=RES: 0805
Change Component Footprint: Designator=R11 Old Footprint=R2W_AX08 New Footprint=RES: 0805
Change Component Footprint: Designator=R12 Old Footprint=R2W_AX08 New Footprint=RES: 0805
Change Component Footprint: Designator=R1 Old Footprint=R0125W_AX025 New Footprint=RES: 0805
Change Component Footprint: Designator=R2 Old Footprint=R0125W_AX025 New Footprint=RES: 0805
Change Component Footprint: Designator=R3 Old Footprint=R0125W_AX025 New Footprint=RES: 0805
Change Component Footprint: Designator=R4 Old Footprint=R0125W_AX025 New Footprint=RES: 0805
Change Component Footprint: Designator=R5 Old Footprint=R0125W_AX025 New Footprint=RES: 0805
Change Component Footprint: Designator=R6 Old Footprint=R0125W_AX025 New Footprint=RES: 0805
Change Component Footprint: Designator=R9 Old Footprint=R0125W_AX025 New Footprint=RES: 0805
Change Component Footprint: Designator=R10 Old Footprint=R0125W_AX025 New Footprint=RES: 0805
Change Component Comment : Designator=R1 Old Comment=Res New Comment=Resistor
Change Component Comment : Designator=R2 Old Comment=Res New Comment=Resistor
Change Component Comment : Designator=R3 Old Comment=Res New Comment=Resistor
Change Component Comment : Designator=R4 Old Comment=Res New Comment=Resistor
Change Component Comment : Designator=R5 Old Comment=Res New Comment=Resistor
Change Component Comment : Designator=R6 Old Comment=Res New Comment=Resistor
Change Component Comment : Designator=R9 Old Comment=Res New Comment=Resistor
Change Component Comment : Designator=R10 Old Comment=Res New Comment=Resistor
Change Component Comment : Designator=R11 Old Comment=Res New Comment=Resistor
Change Component Comment : Designator=R12 Old Comment=Res New Comment=Resistor
Change Component Comment : Designator=R13 Old Comment=Res New Comment=Resistor
Change Component Designator: OldDesignator=R8 NewDesignator=R7
Change Component Designator: OldDesignator=VT3 NewDesignator=VT4
Change Component Designator: OldDesignator=VT4 NewDesignator=VT3
Added Component: Designator=R8(RES: 0805)
Add component (AddParameter): Name = "Case Code (Imperial)"; Value = "2512"; VariantName = "[No Variations]"
Add component (AddParameter): Name = "Case Code (Metric)"; Value = "6432"; VariantName = "[No Variations]"
Add component (AddParameter): Name = "Case/Package"; Value = "2512"; VariantName = "[No Variations]"
Add component (AddParameter): Name = "Height"; Value = "0.028inch"; VariantName = "[No Variations]"
Add component (AddParameter): Name = "Lead Free"; Value = "Lead Free"; VariantName = "[No Variations]"
Add component (AddParameter): Name = "Length"; Value = "0.248inch"; VariantName = "[No Variations]"
Add component (AddParameter): Name = "Max Operating Temperature"; Value = "125°C"; VariantName = "[No Variations]"
Add component (AddParameter): Name = "Max Power Dissipation"; Value = "1W"; VariantName = "[No Variations]"
Add component (AddParameter): Name = "Min Operating Temperature"; Value = "-55°C"; VariantName = "[No Variations]"
Add component (AddParameter): Name = "Mount"; Value = "Surface Mount"; VariantName = "[No Variations]"
Add component (AddParameter): Name = "Number of Terminations"; Value = "2"; VariantName = "[No Variations]"
Add component (AddParameter): Name = "Package Quantity"; Value = "1"; VariantName = "[No Variations]"
Add component (AddParameter): Name = "Packaging"; Value = "Tape and Reel"; VariantName = "[No Variations]"
Add component (AddParameter): Name = "Power Rating"; Value = "1W"; VariantName = "[No Variations]"
Add component (AddParameter): Name = "Resistance"; Value = "51R"; VariantName = "[No Variations]"
Add component (AddParameter): Name = "Resistor Type"; Value = "Thick Film"; VariantName = "[No Variations]"
Add component (AddParameter): Name = "RoHS Compliant"; Value = "Yes"; VariantName = "[No Variations]"
Add component (AddParameter): Name = "Series"; Value = "MCR"; VariantName = "[No Variations]"
Add component (AddParameter): Name = "Size Code"; Value = "2512"; VariantName = "[No Variations]"
Add component (AddParameter): Name = "Temperature Coefficient"; Value = "200ppm/°C"; VariantName = "[No Variations]"
Add component (AddParameter): Name = "Tolerance"; Value = "5%"; VariantName = "[No Variations]"
Add component (AddParameter): Name = "Voltage Rating (DC)"; Value = "200V"; VariantName = "[No Variations]"
Add component (AddParameter): Name = "Width"; Value = "0.126inch"; VariantName = "[No Variations]"
Added Component: Designator=R14(RES: 0805)
Add component (AddParameter): Name = "Case Code (Imperial)"; Value = "2512"; VariantName = "[No Variations]"
Add component (AddParameter): Name = "Case Code (Metric)"; Value = "6432"; VariantName = "[No Variations]"
Add component (AddParameter): Name = "Case/Package"; Value = "2512"; VariantName = "[No Variations]"
Add component (AddParameter): Name = "Height"; Value = "0.028inch"; VariantName = "[No Variations]"
Add component (AddParameter): Name = "Lead Free"; Value = "Lead Free"; VariantName = "[No Variations]"
Add component (AddParameter): Name = "Length"; Value = "0.248inch"; VariantName = "[No Variations]"
Add component (AddParameter): Name = "Max Operating Temperature"; Value = "125°C"; VariantName = "[No Variations]"
Add component (AddParameter): Name = "Max Power Dissipation"; Value = "1W"; VariantName = "[No Variations]"
Add component (AddParameter): Name = "Min Operating Temperature"; Value = "-55°C"; VariantName = "[No Variations]"
Add component (AddParameter): Name = "Mount"; Value = "Surface Mount"; VariantName = "[No Variations]"
Add component (AddParameter): Name = "Number of Terminations"; Value = "2"; VariantName = "[No Variations]"
Add component (AddParameter): Name = "Package Quantity"; Value = "1"; VariantName = "[No Variations]"
Add component (AddParameter): Name = "Packaging"; Value = "Tape and Reel"; VariantName = "[No Variations]"
Add component (AddParameter): Name = "Power Rating"; Value = "1W"; VariantName = "[No Variations]"
Add component (AddParameter): Name = "Resistance"; Value = "51R"; VariantName = "[No Variations]"
Add component (AddParameter): Name = "Resistor Type"; Value = "Thick Film"; VariantName = "[No Variations]"
Add component (AddParameter): Name = "RoHS Compliant"; Value = "Yes"; VariantName = "[No Variations]"
Add component (AddParameter): Name = "Series"; Value = "MCR"; VariantName = "[No Variations]"
Add component (AddParameter): Name = "Size Code"; Value = "2512"; VariantName = "[No Variations]"
Add component (AddParameter): Name = "Temperature Coefficient"; Value = "200ppm/°C"; VariantName = "[No Variations]"
Add component (AddParameter): Name = "Tolerance"; Value = "5%"; VariantName = "[No Variations]"
Add component (AddParameter): Name = "Voltage Rating (DC)"; Value = "200V"; VariantName = "[No Variations]"
Add component (AddParameter): Name = "Width"; Value = "0.126inch"; VariantName = "[No Variations]"
Added Component: Designator=R15(RES: 0805)
Add component (AddParameter): Name = "Case Code (Imperial)"; Value = "2512"; VariantName = "[No Variations]"
Add component (AddParameter): Name = "Case Code (Metric)"; Value = "6432"; VariantName = "[No Variations]"
Add component (AddParameter): Name = "Case/Package"; Value = "2512"; VariantName = "[No Variations]"
Add component (AddParameter): Name = "Height"; Value = "0.028inch"; VariantName = "[No Variations]"
Add component (AddParameter): Name = "Lead Free"; Value = "Lead Free"; VariantName = "[No Variations]"
Add component (AddParameter): Name = "Length"; Value = "0.248inch"; VariantName = "[No Variations]"
Add component (AddParameter): Name = "Max Operating Temperature"; Value = "125°C"; VariantName = "[No Variations]"
Add component (AddParameter): Name = "Max Power Dissipation"; Value = "1W"; VariantName = "[No Variations]"
Add component (AddParameter): Name = "Min Operating Temperature"; Value = "-55°C"; VariantName = "[No Variations]"
Add component (AddParameter): Name = "Mount"; Value = "Surface Mount"; VariantName = "[No Variations]"
Add component (AddParameter): Name = "Number of Terminations"; Value = "2"; VariantName = "[No Variations]"
Add component (AddParameter): Name = "Package Quantity"; Value = "1"; VariantName = "[No Variations]"
Add component (AddParameter): Name = "Packaging"; Value = "Tape and Reel"; VariantName = "[No Variations]"
Add component (AddParameter): Name = "Power Rating"; Value = "1W"; VariantName = "[No Variations]"
Add component (AddParameter): Name = "Resistance"; Value = "51R"; VariantName = "[No Variations]"
Add component (AddParameter): Name = "Resistor Type"; Value = "Thick Film"; VariantName = "[No Variations]"
Add component (AddParameter): Name = "RoHS Compliant"; Value = "Yes"; VariantName = "[No Variations]"
Add component (AddParameter): Name = "Series"; Value = "MCR"; VariantName = "[No Variations]"
Add component (AddParameter): Name = "Size Code"; Value = "2512"; VariantName = "[No Variations]"
Add component (AddParameter): Name = "Temperature Coefficient"; Value = "200ppm/°C"; VariantName = "[No Variations]"
Add component (AddParameter): Name = "Tolerance"; Value = "5%"; VariantName = "[No Variations]"
Add component (AddParameter): Name = "Voltage Rating (DC)"; Value = "200V"; VariantName = "[No Variations]"
Add component (AddParameter): Name = "Width"; Value = "0.126inch"; VariantName = "[No Variations]"
Added Pin To Net: NetName=GND Pin=C2-1
Added Pin To Net: NetName=NetC2_1 Pin=C2-2
Added Pin To Net: NetName=NetC1_2 Pin=R1-1
Added Pin To Net: NetName=GND Pin=R1-2
Added Pin To Net: NetName=NetC1_2 Pin=R2-1
Added Pin To Net: NetName=NetC7_1 Pin=R3-1
Added Pin To Net: NetName=NetC3_1 Pin=R3-2
Added Pin To Net: NetName=NetC2_1 Pin=R4-1
Added Pin To Net: NetName=NetC6_2 Pin=R5-2
Added Pin To Net: NetName=NetR6_1 Pin=R6-2
Added Pin To Net: NetName=NetC2_1 Pin=R8-1
Added Pin To Net: NetName=NetR7_1 Pin=R8-2
Added Pin To Net: NetName=NetC8_2 Pin=R10-1
Added Pin To Net: NetName=NetC3_1 Pin=R10-2
Added Pin To Net: NetName=NetR6_1 Pin=R11-2
Added Pin To Net: NetName=NetR6_1 Pin=R12-1
Added Pin To Net: NetName=NetR6_1 Pin=R14-1
Added Pin To Net: NetName=NetR6_1 Pin=R15-1
Added Pin To Net: NetName=NetC9_1 Pin=R15-2
Change Net Name : Old Net Name=NetC2_1 New Net Name=NetC2_2
Change Net Name : Old Net Name=NetR6_1 New Net Name=NetR6_2
Change Net Name : Old Net Name=NetR7_1 New Net Name=NetR8_2
Change Net Name : Old Net Name=NetR8_1 New Net Name=NetR7_1
Added Pin To Net: NetName=NetR2_2 Pin=R2-2
Added Pin To Net: NetName=NetR2_2 Pin=VT1-3
Added Net: Name=NetR2_2
Added Pin To Net: NetName=NetR4_2 Pin=R4-2
Added Pin To Net: NetName=NetR4_2 Pin=VT1-1
Added Pin To Net: NetName=NetR4_2 Pin=VT2-1
Added Net: Name=NetR4_2
Added Pin To Net: NetName=NetR5_1 Pin=R5-1
Added Pin To Net: NetName=NetR5_1 Pin=R6-1
Added Pin To Net: NetName=NetR5_1 Pin=VT2-3
Added Net: Name=NetR5_1
Added Pin To Net: NetName=NetR11_1 Pin=R11-1
Added Pin To Net: NetName=NetR11_1 Pin=R13-1
Added Pin To Net: NetName=NetR11_1 Pin=VT5-1
Added Pin To Net: NetName=NetR11_1 Pin=VT7-2
Added Net: Name=NetR11_1
Added Pin To Net: NetName=NetR12_2 Pin=R12-2
Added Pin To Net: NetName=NetR12_2 Pin=R14-2
Added Pin To Net: NetName=NetR12_2 Pin=VT6-1
Added Pin To Net: NetName=NetR12_2 Pin=VT8-2
Added Net: Name=NetR12_2
Added Member To Class: ClassName=principal Member=Component C1 Capacitor
Added Member To Class: ClassName=principal Member=Component C2 Capacitor
Added Member To Class: ClassName=principal Member=Component C3 Capacitor
Added Member To Class: ClassName=principal Member=Component C4 Capactor polar
Added Member To Class: ClassName=principal Member=Component C5 Capactor polar
Added Member To Class: ClassName=principal Member=Component C6 Capactor polar
Added Member To Class: ClassName=principal Member=Component C7 Capacitor
Added Member To Class: ClassName=principal Member=Component C8 Capacitor
Added Member To Class: ClassName=principal Member=Component C9 Capacitor
Added Member To Class: ClassName=principal Member=Component R1 Resistor
Added Member To Class: ClassName=principal Member=Component R2 Resistor
Added Member To Class: ClassName=principal Member=Component R3 Resistor
Added Member To Class: ClassName=principal Member=Component R4 Resistor
Added Member To Class: ClassName=principal Member=Component R5 Resistor
Added Member To Class: ClassName=principal Member=Component R6 Resistor
Added Member To Class: ClassName=principal Member=Component R7 POT
Added Member To Class: ClassName=principal Member=Component R8 Resistor
Added Member To Class: ClassName=principal Member=Component R9 Resistor
Added Member To Class: ClassName=principal Member=Component R10 Resistor
Added Member To Class: ClassName=principal Member=Component R11 Resistor
Added Member To Class: ClassName=principal Member=Component R12 Resistor
Added Member To Class: ClassName=principal Member=Component R13 Resistor
Added Member To Class: ClassName=principal Member=Component R14 Resistor
Added Member To Class: ClassName=principal Member=Component R15 Resistor
Added Member To Class: ClassName=principal Member=Component VT1 Transistor_PNP
Added Member To Class: ClassName=principal Member=Component VT2 Transistor_PNP
Added Member To Class: ClassName=principal Member=Component VT3 BD139G
Added Member To Class: ClassName=principal Member=Component VT4 BD139G
Added Member To Class: ClassName=principal Member=Component VT5 BD139G
Added Member To Class: ClassName=principal Member=Component VT6 Transistor_PNP
Added Member To Class: ClassName=principal Member=Component VT7 Transistor_PNP
Added Member To Class: ClassName=principal Member=Component VT8 BD139G
Added Member To Class: ClassName=principal Member=Component XP1 CONN
Added Member To Class: ClassName=principal Member=Component XS1 Audio
Added Member To Class: ClassName=principal Member=Component XS2 Audio
Added Room: Name=principal
