Removed Pin From Net: NetName=GND Pin=R1-1
Removed Pin From Net: NetName=NetC3_1 Pin=R3-1
Removed Pin From Net: NetName=NetC7_1 Pin=R3-2
Removed Pin From Net: NetName=NetC2_2 Pin=R4-1
Removed Pin From Net: NetName=NetR6_2 Pin=R6-2
Removed Pin From Net: NetName=NetC2_2 Pin=R9-2
Removed Pin From Net: NetName=NetC3_1 Pin=R10-1
Removed Pin From Net: NetName=NetC8_2 Pin=R10-2
Removed Member From Class: ClassName=principal Member=R1
Removed Member From Class: ClassName=principal Member=R2
Removed Member From Class: ClassName=principal Member=R3
Removed Member From Class: ClassName=principal Member=R4
Removed Member From Class: ClassName=principal Member=R5
Removed Member From Class: ClassName=principal Member=R6
Removed Member From Class: ClassName=principal Member=R9
Removed Member From Class: ClassName=principal Member=R10
Added Component: Designator=R14(RES: 2512)
Added Component: Designator=R15(RES: 2512)
Change Net Name : Old Net Name=NetR6_2 New Net Name=NetR11_1
Change Net Name : Old Net Name=NetR8_2 New Net Name=NetVT3_2
Added Pin To Net: NetName=NetVT1_1 Pin=VT1-1
Added Pin To Net: NetName=NetVT1_1 Pin=VT2-1
Added Net: Name=NetVT1_1
Added Pin To Net: NetName=NetVT5_2 Pin=VT5-2
Added Pin To Net: NetName=NetVT5_2 Pin=VT7-3
Added Net: Name=NetVT5_2
