Транслятор STEP в Solid Edge
Дата: суббота,Август 03,2024 10:25
Исходный файл: C:\Users\Valenokks\Documents\GitHub\sound-amplifier\Hardware\Case\PCB.step
Автор: Author
Организация: Open CASCADE
Исходная система: Open CASCADE 6.8

Оборудование:
Процессор: AMD Ryzen 5 3500U with Radeon Vega Mobile Gfx  
Операционная система: Windows 10 Professional
Установленная память: 17.92 GB

Информация о программе
Версия Parasolid: 34.0.153
Версия PSBodyShop: 34.0.110
Версия Step Adapter: 9.0.104
Версия Solid Edge: 222.00.14.003 x64

Параметры импорта STEP
Импорт — фасетные тела: Включить
Импорт — проверить тела: Выключить
Импорт — кривые: Включить
Импорт — не сохранено: Включить
Импорт — множество тел как одна деталь: Включить
Импорт — сшить поверхности: Включить
Импорт — булевы тела: Включить
Создание исходного тела: Включить
Упрощение геометрии: Включить
Импорт — наложить кривые: Включить
Импорт — диск: C:
Импорт — сшить поверхности: Включить
Импорт — поверхности: Включить
Импорт — папка вывода: C:\Users\Valenokks\Documents\GitHub\sound-amplifier\Hardware\Case
Импорт — разрешить папку вывода по умолчанию: Включить
Импортировать атрибуты модели: Выключить
Импортировать как внутренние компоненты: Выключить
Импорт — папка: 

Преобразование в типы данных Parasolid...
Размещение C:\Users\Valenokks\Documents\GitHub\sound-amplifier\Hardware\Case\PCB.asm
+Создание детали SE C:\Users\Valenokks\Documents\GitHub\sound-amplifier\Hardware\Case\PCB0.par
