Added Component: Designator=R1(RES: 0805)
Added Component: Designator=R2(RES: 0805)
Added Component: Designator=R3(RES: 0805)
Added Component: Designator=R4(RES: 0805)
Added Component: Designator=R5(RES: 0805)
Added Component: Designator=R6(RES: 0805)
Added Component: Designator=R8(RES: 0805)
Added Component: Designator=R9(RES: 0805)
Added Component: Designator=R10(RES: 0805)
Added Component: Designator=R11(RES: 2512)
Added Component: Designator=R12(RES: 2512)
Added Component: Designator=R13(RES: 2512)
Added Component: Designator=R14(RES: 2512)
Added Component: Designator=R15(RES: 2512)
Change Net Name : Old Net Name=NetVT3_2 New Net Name=NetR8_2
Added Pin To Net: NetName=NetC1_2 Pin=C1-2
Added Net: Name=NetC1_2
Added Pin To Net: NetName=NetC6_2 Pin=C6-2
Added Net: Name=NetC6_2
Added Pin To Net: NetName=NetC9_1 Pin=C9-1
Added Net: Name=NetC9_1
Added Pin To Net: NetName=NetR2_2 Pin=VT1-3
Added Net: Name=NetR2_2
Added Pin To Net: NetName=NetR4_2 Pin=VT1-1
Added Pin To Net: NetName=NetR4_2 Pin=VT2-1
Added Net: Name=NetR4_2
Added Pin To Net: NetName=NetR5_1 Pin=VT2-3
Added Net: Name=NetR5_1
Added Pin To Net: NetName=NetR6_2 Pin=XP1-3
Added Pin To Net: NetName=NetR6_2 Pin=XS2-1
Added Pin To Net: NetName=NetR6_2 Pin=XS2-1
Added Net: Name=NetR6_2
Added Pin To Net: NetName=NetR9_1 Pin=VT5-2
Added Pin To Net: NetName=NetR9_1 Pin=VT7-3
Added Net: Name=NetR9_1
Added Pin To Net: NetName=NetR11_1 Pin=VT5-1
Added Pin To Net: NetName=NetR11_1 Pin=VT7-2
Added Net: Name=NetR11_1
Added Pin To Net: NetName=NetR12_2 Pin=VT6-1
Added Pin To Net: NetName=NetR12_2 Pin=VT8-2
Added Net: Name=NetR12_2
